2025-06-06 20:42:36,185 - pyswarms.single.global_best - INFO - Optimize for 50 iters with {'c1': 0.5, 'c2': 0.3, 'w': 0.9}
2025-06-06 20:42:44,988 - pyswarms.single.global_best - INFO - Optimization finished | best cost: 0.6363636363636364, best pos: [0.13552763 0.85688842 0.35641538]
2025-06-06 20:46:22,530 - pyswarms.single.global_best - INFO - Optimize for 50 iters with {'c1': 0.5, 'c2': 0.3, 'w': 0.9}
2025-06-06 20:46:30,532 - pyswarms.single.global_best - INFO - Optimization finished | best cost: 0.5454545454545454, best pos: [2.37345889 0.97562514 0.96076243]
2025-06-07 00:04:52,099 - pyswarms.single.global_best - INFO - Optimize for 20 iters with {'c1': 0.5, 'c2': 0.3, 'w': 0.9}
2025-06-07 00:05:09,965 - pyswarms.single.global_best - INFO - Optimization finished | best cost: 0.09090909090909094, best pos: [10.29680698  7.42985479  8.45915107]
2025-06-07 00:05:10,001 - pyswarms.single.global_best - INFO - Optimize for 20 iters with {'c1': 0.5, 'c2': 0.3, 'w': 0.9}
2025-06-07 00:05:11,868 - pyswarms.single.global_best - INFO - Optimization finished | best cost: 0.18181818181818177, best pos: [0.31487652 0.32522479 0.41186089]
2025-06-07 00:20:55,631 - pygad.pygad - ERROR - All values in the sublists inside the 'gene_space' attribute must be numeric of type int/float/None but (linear) of type <class 'str'> found.
Traceback (most recent call last):
  File "c:\Users\arau7\AppData\Local\Programs\Python\Python312\Lib\site-packages\pygad\pygad.py", line 216, in __init__
    raise TypeError(f"All values in the sublists inside the 'gene_space' attribute must be numeric of type int/float/None but ({val}) of type {type(val)} found.")
TypeError: All values in the sublists inside the 'gene_space' attribute must be numeric of type int/float/None but (linear) of type <class 'str'> found.
2025-06-07 00:21:14,129 - pygad.pygad - ERROR - All values in the sublists inside the 'gene_space' attribute must be numeric of type int/float/None but (linear) of type <class 'str'> found.
Traceback (most recent call last):
  File "c:\Users\arau7\AppData\Local\Programs\Python\Python312\Lib\site-packages\pygad\pygad.py", line 216, in __init__
    raise TypeError(f"All values in the sublists inside the 'gene_space' attribute must be numeric of type int/float/None but ({val}) of type {type(val)} found.")
TypeError: All values in the sublists inside the 'gene_space' attribute must be numeric of type int/float/None but (linear) of type <class 'str'> found.
2025-06-07 00:21:41,961 - pyswarms.single.global_best - INFO - Optimize for 20 iters with {'c1': 0.5, 'c2': 0.3, 'w': 0.9}
2025-06-07 00:21:59,987 - pyswarms.single.global_best - INFO - Optimization finished | best cost: 0.3846153846153846, best pos: [115.68753305  11.65091812  16.23702826]
2025-06-07 00:22:00,108 - pyswarms.single.global_best - INFO - Optimize for 20 iters with {'c1': 0.5, 'c2': 0.3, 'w': 0.9}
2025-06-07 00:22:02,046 - pyswarms.single.global_best - INFO - Optimization finished | best cost: 0.3846153846153846, best pos: [0.2240665  0.90242427 0.36648433]
